0 info it worked if it ends with ok
1 verbose cli [ '/usr/bin/node', '/usr/bin/npm', 'run', 'rebuild' ]
2 info using npm@3.5.2
3 info using node@v8.10.0
4 verbose run-script [ 'prerebuild', 'rebuild', 'postrebuild' ]
5 info lifecycle @protodev/napi@0.0.0~prerebuild: @protodev/napi@0.0.0
6 silly lifecycle @protodev/napi@0.0.0~prerebuild: no script for prerebuild, continuing
7 info lifecycle @protodev/napi@0.0.0~rebuild: @protodev/napi@0.0.0
8 verbose lifecycle @protodev/napi@0.0.0~rebuild: unsafe-perm in lifecycle true
9 verbose lifecycle @protodev/napi@0.0.0~rebuild: PATH: /usr/share/npm/bin/node-gyp-bin:/home/edwin/Development/napi/node_modules/.bin:/usr/local/sbin:/usr/local/bin:/usr/sbin:/usr/bin:/sbin:/bin:/usr/games:/usr/local/games:/snap/bin
10 verbose lifecycle @protodev/napi@0.0.0~rebuild: CWD: /home/edwin/Development/napi
11 silly lifecycle @protodev/napi@0.0.0~rebuild: Args: [ '-c', 'npm run clean && npm run build' ]
12 silly lifecycle @protodev/napi@0.0.0~rebuild: Returned: code: 1  signal: null
13 info lifecycle @protodev/napi@0.0.0~rebuild: Failed to exec rebuild script
14 verbose stack Error: @protodev/napi@0.0.0 rebuild: `npm run clean && npm run build`
14 verbose stack Exit status 1
14 verbose stack     at EventEmitter.<anonymous> (/usr/share/npm/lib/utils/lifecycle.js:232:16)
14 verbose stack     at emitTwo (events.js:126:13)
14 verbose stack     at EventEmitter.emit (events.js:214:7)
14 verbose stack     at ChildProcess.<anonymous> (/usr/share/npm/lib/utils/spawn.js:24:14)
14 verbose stack     at emitTwo (events.js:126:13)
14 verbose stack     at ChildProcess.emit (events.js:214:7)
14 verbose stack     at maybeClose (internal/child_process.js:925:16)
14 verbose stack     at Process.ChildProcess._handle.onexit (internal/child_process.js:209:5)
15 verbose pkgid @protodev/napi@0.0.0
16 verbose cwd /home/edwin/Development/napi
17 error Linux 4.15.0-43-generic
18 error argv "/usr/bin/node" "/usr/bin/npm" "run" "rebuild"
19 error node v8.10.0
20 error npm  v3.5.2
21 error code ELIFECYCLE
22 error @protodev/napi@0.0.0 rebuild: `npm run clean && npm run build`
22 error Exit status 1
23 error Failed at the @protodev/napi@0.0.0 rebuild script 'npm run clean && npm run build'.
23 error Make sure you have the latest version of node.js and npm installed.
23 error If you do, this is most likely a problem with the @protodev/napi package,
23 error not with npm itself.
23 error Tell the author that this fails on your system:
23 error     npm run clean && npm run build
23 error You can get information on how to open an issue for this project with:
23 error     npm bugs @protodev/napi
23 error Or if that isn't available, you can get their info via:
23 error     npm owner ls @protodev/napi
23 error There is likely additional logging output above.
24 verbose exit [ 1, true ]
